2025-01-27 12:43:13 DEBUG    FINAL EVORATOR
2025-01-27 12:43:13 DEBUG    sklearn version = 0.20.1
2025-01-27 12:43:13 DEBUG    174
2025-01-27 12:43:13 DEBUG    SUCCEEDED = False
2025-01-27 12:43:13 DEBUG    [Errno 13] Permission denied: '/bioseq'
2025-01-27 12:43:13 DEBUG    getting edge_list_file
2025-01-27 12:47:27 DEBUG    FINAL EVORATOR
2025-01-27 12:47:27 DEBUG    sklearn version = 0.20.1
2025-01-27 12:47:27 DEBUG    174
2025-01-27 12:47:27 DEBUG    SUCCEEDED = False
2025-01-27 12:47:27 DEBUG    [Errno 13] Permission denied: '/bioseq'
2025-01-27 12:47:27 DEBUG    getting edge_list_file
2025-01-27 12:48:28 DEBUG    FINAL EVORATOR
2025-01-27 12:48:28 DEBUG    sklearn version = 0.20.1
2025-01-27 12:48:28 DEBUG    174
2025-01-27 12:48:28 DEBUG    SUCCEEDED = False
2025-01-27 12:48:28 DEBUG    [Errno 13] Permission denied: '/bioseq'
2025-01-27 12:48:28 DEBUG    getting edge_list_file
2025-01-27 12:50:57 DEBUG    FINAL EVORATOR
2025-01-27 12:50:57 DEBUG    sklearn version = 0.20.1
2025-01-27 12:50:57 DEBUG    174
2025-01-27 12:50:57 DEBUG    SUCCEEDED = False
2025-01-27 12:50:57 DEBUG    [Errno 13] Permission denied: '/bioseq'
2025-01-27 12:50:57 DEBUG    getting edge_list_file
2025-01-27 12:51:25 DEBUG    FINAL EVORATOR
2025-01-27 12:51:25 DEBUG    sklearn version = 0.20.1
2025-01-27 12:51:25 DEBUG    174
2025-01-27 12:57:17 DEBUG    FINAL EVORATOR
2025-01-27 12:57:17 DEBUG    sklearn version = 0.20.1
2025-01-27 12:57:17 DEBUG    174
2025-01-27 12:57:18 DEBUG    SUCCEEDED = False
2025-01-27 12:57:18 DEBUG    expected str, bytes or os.PathLike object, not NoneType
2025-01-27 12:57:18 DEBUG    getting edge_list_file
2025-01-27 12:57:54 DEBUG    FINAL EVORATOR
2025-01-27 12:57:54 DEBUG    sklearn version = 0.20.1
2025-01-27 12:57:54 DEBUG    174
2025-01-27 13:13:27 DEBUG    FINAL EVORATOR
2025-01-27 13:13:27 DEBUG    sklearn version = 0.20.1
2025-01-27 13:13:27 DEBUG    174
2025-01-27 13:21:25 DEBUG    FINAL EVORATOR
2025-01-27 13:21:25 DEBUG    sklearn version = 0.20.1
2025-01-27 13:21:25 DEBUG    174
